<?xml version="1.0" encoding="UTF-8"?>
<!-- Generated by org.testng.reporters.JUnitReportReporter -->
<testsuite skipped="0" hostname="YaswanthK-LP" name="qaacademy.RESTAPITest" tests="2" failures="0" timestamp="2021-02-09T15:01:41 IST" time="0.007" errors="0">
  <testcase name="APIrun" time="0.006" classname="qaacademy.RESTAPITest"/>
  <system-out/>
  <testcase name="RESTAPIAutomation" time="0.001" classname="qaacademy.RESTAPITest"/>
  <system-out/>
</testsuite> <!-- qaacademy.RESTAPITest -->
